<?xml version="1.0" encoding="UTF-8"?>
<!-- Generated by org.testng.reporters.JUnitXMLReporter -->
<testsuite hostname="sss-PC" ignored="2" name="Test" tests="2" failures="2" timestamp="14 Jul 2018 03:07:51 GMT" time="35.907" errors="0">
  <testcase name="bankManagerLoginTest" time="3.162" classname="com.w2a.testcases.BankManagerLoginTest">
    <failure type="java.lang.NullPointerException">
      <![CDATA[java.lang.NullPointerException
	at com.w2a.base.TestBase.click(TestBase.java:141)
	at com.w2a.testcases.BankManagerLoginTest.bankManagerLoginTest(BankManagerLoginTest.java:22)
... Removed 25 stack frames]]>
    </failure>
  </testcase> <!-- bankManagerLoginTest -->
  <testcase name="openAccountTest" time="29.596" classname="com.w2a.testcases.OpenAccountTest">
    <failure type="java.lang.NullPointerException">
      <![CDATA[java.lang.NullPointerException
	at com.w2a.base.TestBase.click(TestBase.java:141)
	at com.w2a.testcases.OpenAccountTest.openAccountTest(OpenAccountTest.java:26)
... Removed 25 stack frames]]>
    </failure>
  </testcase> <!-- openAccountTest -->
  <testcase name="@BeforeSuite setUp" time="0.0" classname="com.w2a.base.TestBase">
    <ignored/>
  </testcase> <!-- @BeforeSuite setUp -->
  <testcase name="@AfterSuite tearDown" time="0.0" classname="com.w2a.base.TestBase">
    <ignored/>
  </testcase> <!-- @AfterSuite tearDown -->
</testsuite> <!-- Test -->
