<?xml version="1.0" encoding="UTF-8"?>
<testng-results ignored="0" total="1" passed="1" failed="0" skipped="0">
  <reporter-output>
  </reporter-output>
  <suite started-at="2023-05-19T08:14:52Z" name="Data Driven Basics" finished-at="2023-05-19T08:15:53Z" duration-ms="61202">
    <groups>
    </groups>
    <test started-at="2023-05-19T08:14:52Z" name="Minnwest transferLoginpage" finished-at="2023-05-19T08:15:53Z" duration-ms="61202">
      <class name="com.minnwest.testcases.Minnwest_Login">
        <test-method is-config="true" signature="setUp()[pri:0, instance:com.minnwest.testcases.Minnwest_Login@58a4a74d]" started-at="2023-05-19T13:44:48Z" name="setUp" finished-at="2023-05-19T13:44:52Z" duration-ms="3980" status="PASS">
          <reporter-output>
          </reporter-output>
        </test-method> <!-- setUp -->
        <test-method signature="minnwest_Login(java.util.Hashtable)[pri:0, instance:com.minnwest.testcases.Minnwest_Login@58a4a74d]" started-at="2023-05-19T13:44:52Z" name="minnwest_Login" data-provider="dp" finished-at="2023-05-19T13:45:53Z" duration-ms="61158" status="PASS">
          <params>
            <param index="0">
              <value>
                <![CDATA[{password=Rayudu@123#, Runmode=Y, username=srinivasarayudu}]]>
              </value>
            </param>
          </params>
          <reporter-output>
          </reporter-output>
        </test-method> <!-- minnwest_Login -->
        <test-method is-config="true" signature="tearDown()[pri:0, instance:com.minnwest.testcases.Minnwest_Login@58a4a74d]" started-at="2023-05-19T13:45:54Z" name="tearDown" finished-at="2023-05-19T13:45:54Z" duration-ms="53" status="PASS">
          <reporter-output>
          </reporter-output>
        </test-method> <!-- tearDown -->
      </class> <!-- com.minnwest.testcases.Minnwest_Login -->
    </test> <!-- Minnwest transferLoginpage -->
  </suite> <!-- Data Driven Basics -->
</testng-results>
