<?xml version="1.0" encoding="UTF-8"?>
<!-- Generated by org.testng.reporters.JUnitXMLReporter -->
<testsuite ignored="0" hostname="kairosHW0448" failures="0" tests="4" name="Add Customer Test" time="13.628" errors="0" timestamp="03 May 2023 08:36:11 GMT">
  <testcase classname="com.SP.testcases.AddCustomerTest" name="addCustomerTest" time="4.567"/>
  <testcase classname="com.SP.testcases.AddCustomerTest" name="addCustomerTest" time="0.0">
    <skipped/>
  </testcase> <!-- addCustomerTest -->
  <testcase classname="com.SP.testcases.AddCustomerTest" name="addCustomerTest" time="4.559"/>
  <testcase classname="com.SP.testcases.AddCustomerTest" name="addCustomerTest" time="4.463"/>
</testsuite> <!-- Add Customer Test -->
