<?xml version="1.0" encoding="UTF-8"?>
<!-- Generated by org.testng.reporters.JUnitXMLReporter -->
<testsuite ignored="0" hostname="kairosHW0451" failures="0" tests="3" name="Minnwest transferLoginpage" time="169.303" errors="0" timestamp="18 May 2023 11:45:11 GMT">
  <testcase classname="com.minnwest.testcases.Minnwest_Login" name="minnwest_Login" time="60.119"/>
  <testcase classname="com.minnwest.testcases.Minnwest_Login" name="minnwest_Login" time="54.452"/>
  <testcase classname="com.minnwest.testcases.Minnwest_Login" name="minnwest_Login" time="54.648"/>
</testsuite> <!-- Minnwest transferLoginpage -->
