<?xml version="1.0" encoding="UTF-8"?>
<!-- Generated by org.testng.reporters.JUnitXMLReporter -->
<testsuite ignored="0" hostname="kairosHW0451" failures="0" tests="3" name="Minnwest transferLoginpage" time="293.865" errors="0" timestamp="16 May 2023 15:20:03 GMT">
  <testcase classname="com.minnwest.testcases.Mutiple_login_Cred" name="Transfer_login" time="103.791"/>
  <testcase classname="com.minnwest.testcases.Mutiple_login_Cred" name="Transfer_login" time="94.73"/>
  <testcase classname="com.minnwest.testcases.Mutiple_login_Cred" name="Transfer_login" time="95.263"/>
</testsuite> <!-- Minnwest transferLoginpage -->
