<?xml version="1.0" encoding="UTF-8"?>
<testsuite name="Minnwest transferLoginpage"
           tests="3"
           failures="0"
           errors="0"
           skipped="0"
           time="169.219">
  <properties />
  
  
            <testcase name="minnwest_Login" time="54.452" classname="com.minnwest.testcases.Minnwest_Login" />
                <testcase name="minnwest_Login" time="60.119" classname="com.minnwest.testcases.Minnwest_Login" />
                <testcase name="minnwest_Login" time="54.648" classname="com.minnwest.testcases.Minnwest_Login" />
      
</testsuite>
