<?xml version="1.0" encoding="UTF-8"?>
<testsuite name="Add Customer Test"
           tests="4"
           failures="0"
           errors="0"
           skipped="1"
           time="13.589">
  <properties />
  
            <testcase name="addCustomerTest" time="0.0" classname="com.SP.testcases.AddCustomerTest">
          <skipped />
    </testcase>
  
            <testcase name="addCustomerTest" time="4.567" classname="com.SP.testcases.AddCustomerTest" />
                <testcase name="addCustomerTest" time="4.559" classname="com.SP.testcases.AddCustomerTest" />
                <testcase name="addCustomerTest" time="4.463" classname="com.SP.testcases.AddCustomerTest" />
      
</testsuite>
