<?xml version="1.0" encoding="UTF-8"?>
<testsuite name="Minnwest transferLoginpage"
           tests="3"
           failures="0"
           errors="0"
           skipped="0"
           time="155.312">
  <properties />
  
  
            <testcase name="minnwest_Login" time="50.258" classname="com.minnwest.testcases.Minnwest_Login" />
                <testcase name="minnwest_Login" time="50.987" classname="com.minnwest.testcases.Minnwest_Login" />
                <testcase name="minnwest_Login" time="54.067" classname="com.minnwest.testcases.Minnwest_Login" />
      
</testsuite>
