<?xml version="1.0" encoding="UTF-8"?>
<testng-results ignored="0" total="3" passed="3" failed="0" skipped="0">
  <reporter-output>
  </reporter-output>
  <suite started-at="2023-05-18T11:42:22Z" name="Data Driven Basics" finished-at="2023-05-18T11:45:11Z" duration-ms="169303">
    <groups>
    </groups>
    <test started-at="2023-05-18T11:42:22Z" name="Minnwest transferLoginpage" finished-at="2023-05-18T11:45:11Z" duration-ms="169303">
      <class name="com.minnwest.testcases.Minnwest_Login">
        <test-method is-config="true" signature="setUp()[pri:0, instance:com.minnwest.testcases.Minnwest_Login@7c1812b3]" started-at="2023-05-18T17:12:19Z" name="setUp" finished-at="2023-05-18T17:12:22Z" duration-ms="3529" status="PASS">
          <reporter-output>
          </reporter-output>
        </test-method> <!-- setUp -->
        <test-method signature="minnwest_Login(java.util.Hashtable)[pri:0, instance:com.minnwest.testcases.Minnwest_Login@7c1812b3]" started-at="2023-05-18T17:12:22Z" name="minnwest_Login" data-provider="dp" finished-at="2023-05-18T17:13:22Z" duration-ms="60119" status="PASS">
          <params>
            <param index="0">
              <value>
                <![CDATA[{password=Rayudu@123#, Runmode=Y, username=srinivasarayudu}]]>
              </value>
            </param>
          </params>
          <reporter-output>
          </reporter-output>
        </test-method> <!-- minnwest_Login -->
        <test-method signature="minnwest_Login(java.util.Hashtable)[pri:0, instance:com.minnwest.testcases.Minnwest_Login@7c1812b3]" started-at="2023-05-18T17:13:22Z" name="minnwest_Login" data-provider="dp" finished-at="2023-05-18T17:14:17Z" duration-ms="54452" status="PASS">
          <params>
            <param index="0">
              <value>
                <![CDATA[{password=Aswiniroy@7, Runmode=Y, username=Aswiniroy@7}]]>
              </value>
            </param>
          </params>
          <reporter-output>
          </reporter-output>
        </test-method> <!-- minnwest_Login -->
        <test-method signature="minnwest_Login(java.util.Hashtable)[pri:0, instance:com.minnwest.testcases.Minnwest_Login@7c1812b3]" started-at="2023-05-18T17:14:17Z" name="minnwest_Login" data-provider="dp" finished-at="2023-05-18T17:15:11Z" duration-ms="54648" status="PASS">
          <params>
            <param index="0">
              <value>
                <![CDATA[{password=Vamsy@524, Runmode=Y, username=vamsyaddala}]]>
              </value>
            </param>
          </params>
          <reporter-output>
          </reporter-output>
        </test-method> <!-- minnwest_Login -->
        <test-method is-config="true" signature="tearDown()[pri:0, instance:com.minnwest.testcases.Minnwest_Login@7c1812b3]" started-at="2023-05-18T17:15:12Z" name="tearDown" finished-at="2023-05-18T17:15:12Z" duration-ms="58" status="PASS">
          <reporter-output>
          </reporter-output>
        </test-method> <!-- tearDown -->
      </class> <!-- com.minnwest.testcases.Minnwest_Login -->
    </test> <!-- Minnwest transferLoginpage -->
  </suite> <!-- Data Driven Basics -->
</testng-results>
