<?xml version="1.0" encoding="UTF-8"?>
<testng-results ignored="0" total="3" passed="3" failed="0" skipped="0">
  <reporter-output>
  </reporter-output>
  <suite started-at="2023-05-16T15:15:09Z" name="Data Driven Basics" finished-at="2023-05-16T15:20:03Z" duration-ms="293865">
    <groups>
    </groups>
    <test started-at="2023-05-16T15:15:09Z" name="Minnwest transferLoginpage" finished-at="2023-05-16T15:20:03Z" duration-ms="293865">
      <class name="com.minnwest.testcases.Mutiple_login_Cred">
        <test-method is-config="true" signature="setUp()[pri:0, instance:com.minnwest.testcases.Mutiple_login_Cred@77cf3f8b]" started-at="2023-05-16T20:45:06Z" name="setUp" finished-at="2023-05-16T20:45:09Z" duration-ms="3296" status="PASS">
          <reporter-output>
          </reporter-output>
        </test-method> <!-- setUp -->
        <test-method signature="Transfer_login(java.util.Hashtable)[pri:0, instance:com.minnwest.testcases.Mutiple_login_Cred@77cf3f8b]" started-at="2023-05-16T20:45:09Z" name="Transfer_login" data-provider="dp" finished-at="2023-05-16T20:46:53Z" duration-ms="103791" status="PASS">
          <params>
            <param index="0">
              <value>
                <![CDATA[{password=Aswiniroy@7, username=Aswiniroy@7}]]>
              </value>
            </param>
          </params>
          <reporter-output>
          </reporter-output>
        </test-method> <!-- Transfer_login -->
        <test-method signature="Transfer_login(java.util.Hashtable)[pri:0, instance:com.minnwest.testcases.Mutiple_login_Cred@77cf3f8b]" started-at="2023-05-16T20:46:53Z" name="Transfer_login" data-provider="dp" finished-at="2023-05-16T20:48:28Z" duration-ms="94730" status="PASS">
          <params>
            <param index="0">
              <value>
                <![CDATA[{password=Vamsy@524, username=vamsyaddala}]]>
              </value>
            </param>
          </params>
          <reporter-output>
          </reporter-output>
        </test-method> <!-- Transfer_login -->
        <test-method signature="Transfer_login(java.util.Hashtable)[pri:0, instance:com.minnwest.testcases.Mutiple_login_Cred@77cf3f8b]" started-at="2023-05-16T20:48:28Z" name="Transfer_login" data-provider="dp" finished-at="2023-05-16T20:50:03Z" duration-ms="95263" status="PASS">
          <params>
            <param index="0">
              <value>
                <![CDATA[{password=Rayudu@123#, username=srinivasarayudu}]]>
              </value>
            </param>
          </params>
          <reporter-output>
          </reporter-output>
        </test-method> <!-- Transfer_login -->
        <test-method is-config="true" signature="tearDown()[pri:0, instance:com.minnwest.testcases.Mutiple_login_Cred@77cf3f8b]" started-at="2023-05-16T20:50:04Z" name="tearDown" finished-at="2023-05-16T20:50:04Z" duration-ms="67" status="PASS">
          <reporter-output>
          </reporter-output>
        </test-method> <!-- tearDown -->
      </class> <!-- com.minnwest.testcases.Mutiple_login_Cred -->
    </test> <!-- Minnwest transferLoginpage -->
  </suite> <!-- Data Driven Basics -->
</testng-results>
